app/build/intermediates/manifest_merge_blame_file/release/manifest-merger-blame-release-report.txt
1<?xml version="1.0" encoding="utf-8"?>
2<manifest xmlns:android="http://schemas.android.com/apk/res/android"
3    package="com.example.syair20"
4    android:versionCode="1"
5    android:versionName="1.0" >
6
7    <uses-sdk
8        android:minSdkVersion="16"
8-->src\main\AndroidManifest.xml
9        android:targetSdkVersion="29" />
9-->src\main\AndroidManifest.xml
10
11    <uses-permission-sdk-23 android:name="android.permission.INTERNET" />
11-->src\main\AndroidManifest.xml:5:5-74
11-->src\main\AndroidManifest.xml:5:29-71
12
13    <uses-permission android:name="android.permission.INTERNET" />
13-->src\main\AndroidManifest.xml:7:5-67
13-->src\main\AndroidManifest.xml:7:22-64
14    <uses-permission android:name="android.permission.ACCESS_WIFI_STATE" />
14-->src\main\AndroidManifest.xml:8:5-76
14-->src\main\AndroidManifest.xml:8:22-73
15
16    <uses-permission-sdk-23 android:name="android.permission.ACCESS_WIFI_STATE" />
16-->src\main\AndroidManifest.xml:10:5-83
16-->src\main\AndroidManifest.xml:10:29-80
17
18    <!-- Although the *SdkVersion is captured in gradle build files, this is required for non gradle builds -->
19    <!-- <uses-sdk android:minSdkVersion="14"/> -->
20    <uses-permission android:name="android.permission.ACCESS_NETWORK_STATE" />
20-->[com.google.firebase:firebase-storage:19.2.0] AndroidManifest.xml:26:5-79
20-->[com.google.firebase:firebase-storage:19.2.0] AndroidManifest.xml:26:22-76
21
22    <application
22-->src\main\AndroidManifest.xml:12:5-32:19
23        android:allowBackup="true"
23-->src\main\AndroidManifest.xml:13:9-35
24        android:appComponentFactory="androidx.core.app.CoreComponentFactory"
24-->[androidx.core:core:1.3.0] AndroidManifest.xml:24:18-86
25        android:icon="@mipmap/mip"
25-->src\main\AndroidManifest.xml:14:9-35
26        android:label="@string/app_name"
26-->src\main\AndroidManifest.xml:15:9-41
27        android:roundIcon="@mipmap/mip"
27-->src\main\AndroidManifest.xml:16:9-40
28        android:supportsRtl="true"
28-->src\main\AndroidManifest.xml:17:9-35
29        android:theme="@style/AppTheme" >
29-->src\main\AndroidManifest.xml:18:9-40
30        <activity android:name="com.example.syair20.MainActivity" />
30-->src\main\AndroidManifest.xml:19:9-59
30-->src\main\AndroidManifest.xml:19:19-47
31        <activity android:name="com.example.syair20.Ujian" />
31-->src\main\AndroidManifest.xml:20:9-43
31-->src\main\AndroidManifest.xml:20:19-40
32        <activity android:name="com.example.syair20.Result" />
32-->src\main\AndroidManifest.xml:21:9-44
32-->src\main\AndroidManifest.xml:21:19-41
33        <activity android:name="com.example.syair20.Soal" />
33-->src\main\AndroidManifest.xml:22:9-42
33-->src\main\AndroidManifest.xml:22:19-39
34        <activity android:name="com.example.syair20.ContohActivity" />
34-->src\main\AndroidManifest.xml:23:9-52
34-->src\main\AndroidManifest.xml:23:19-49
35        <activity android:name="com.example.syair20.Video" />
35-->src\main\AndroidManifest.xml:24:9-43
35-->src\main\AndroidManifest.xml:24:19-40
36        <activity android:name="com.example.syair20.SplashScreen" >
36-->src\main\AndroidManifest.xml:25:9-31:20
36-->src\main\AndroidManifest.xml:25:19-47
37            <intent-filter>
37-->src\main\AndroidManifest.xml:26:13-30:29
38                <action android:name="android.intent.action.MAIN" />
38-->src\main\AndroidManifest.xml:27:17-69
38-->src\main\AndroidManifest.xml:27:25-66
39
40                <category android:name="android.intent.category.LAUNCHER" />
40-->src\main\AndroidManifest.xml:29:17-77
40-->src\main\AndroidManifest.xml:29:27-74
41            </intent-filter>
42        </activity>
43
44        <service
44-->[com.google.firebase:firebase-storage:19.2.0] AndroidManifest.xml:30:9-36:19
45            android:name="com.google.firebase.components.ComponentDiscoveryService"
45-->[com.google.firebase:firebase-storage:19.2.0] AndroidManifest.xml:31:13-84
46            android:directBootAware="true"
46-->[com.google.firebase:firebase-common:19.3.1] AndroidManifest.xml:35:13-43
47            android:exported="false" >
47-->[com.google.firebase:firebase-storage:19.2.0] AndroidManifest.xml:32:13-37
48            <meta-data
48-->[com.google.firebase:firebase-storage:19.2.0] AndroidManifest.xml:33:13-35:85
49                android:name="com.google.firebase.components:com.google.firebase.storage.StorageRegistrar"
49-->[com.google.firebase:firebase-storage:19.2.0] AndroidManifest.xml:34:17-107
50                android:value="com.google.firebase.components.ComponentRegistrar" />
50-->[com.google.firebase:firebase-storage:19.2.0] AndroidManifest.xml:35:17-82
51            <meta-data
51-->[com.google.firebase:firebase-auth:19.4.0] AndroidManifest.xml:36:13-38:85
52                android:name="com.google.firebase.components:com.google.firebase.auth.FirebaseAuthRegistrar"
52-->[com.google.firebase:firebase-auth:19.4.0] AndroidManifest.xml:37:17-109
53                android:value="com.google.firebase.components.ComponentRegistrar" />
53-->[com.google.firebase:firebase-auth:19.4.0] AndroidManifest.xml:38:17-82
54            <meta-data
54-->[com.google.firebase:firebase-database:19.5.0] AndroidManifest.xml:32:13-34:85
55                android:name="com.google.firebase.components:com.google.firebase.database.DatabaseRegistrar"
55-->[com.google.firebase:firebase-database:19.5.0] AndroidManifest.xml:33:17-109
56                android:value="com.google.firebase.components.ComponentRegistrar" />
56-->[com.google.firebase:firebase-database:19.5.0] AndroidManifest.xml:34:17-82
57        </service>
58
59        <activity
59-->[com.google.firebase:firebase-auth:19.4.0] AndroidManifest.xml:24:9-31:50
60            android:name="com.google.firebase.auth.internal.FederatedSignInActivity"
60-->[com.google.firebase:firebase-auth:19.4.0] AndroidManifest.xml:25:13-85
61            android:excludeFromRecents="true"
61-->[com.google.firebase:firebase-auth:19.4.0] AndroidManifest.xml:26:13-46
62            android:exported="true"
62-->[com.google.firebase:firebase-auth:19.4.0] AndroidManifest.xml:27:13-36
63            android:launchMode="singleTask"
63-->[com.google.firebase:firebase-auth:19.4.0] AndroidManifest.xml:28:13-44
64            android:permission="com.google.firebase.auth.api.gms.permission.LAUNCH_FEDERATED_SIGN_IN"
64-->[com.google.firebase:firebase-auth:19.4.0] AndroidManifest.xml:29:13-102
65            android:theme="@android:style/Theme.Translucent.NoTitleBar" />
65-->[com.google.firebase:firebase-auth:19.4.0] AndroidManifest.xml:30:13-72
66
67        <provider
67-->[com.squareup.picasso:picasso:2.71828] AndroidManifest.xml:8:9-11:40
68            android:name="com.squareup.picasso.PicassoProvider"
68-->[com.squareup.picasso:picasso:2.71828] AndroidManifest.xml:9:13-64
69            android:authorities="com.example.syair20.com.squareup.picasso"
69-->[com.squareup.picasso:picasso:2.71828] AndroidManifest.xml:10:13-72
70            android:exported="false" />
70-->[com.squareup.picasso:picasso:2.71828] AndroidManifest.xml:11:13-37
71
72        <activity
72-->[com.google.android.gms:play-services-base:17.1.0] AndroidManifest.xml:23:9-26:75
73            android:name="com.google.android.gms.common.api.GoogleApiActivity"
73-->[com.google.android.gms:play-services-base:17.1.0] AndroidManifest.xml:24:13-79
74            android:exported="false"
74-->[com.google.android.gms:play-services-base:17.1.0] AndroidManifest.xml:25:13-37
75            android:theme="@android:style/Theme.Translucent.NoTitleBar" />
75-->[com.google.android.gms:play-services-base:17.1.0] AndroidManifest.xml:26:13-72
76
77        <provider
77-->[com.google.firebase:firebase-common:19.3.1] AndroidManifest.xml:26:9-31:39
78            android:name="com.google.firebase.provider.FirebaseInitProvider"
78-->[com.google.firebase:firebase-common:19.3.1] AndroidManifest.xml:27:13-77
79            android:authorities="com.example.syair20.firebaseinitprovider"
79-->[com.google.firebase:firebase-common:19.3.1] AndroidManifest.xml:28:13-72
80            android:directBootAware="true"
80-->[com.google.firebase:firebase-common:19.3.1] AndroidManifest.xml:29:13-43
81            android:exported="false"
81-->[com.google.firebase:firebase-common:19.3.1] AndroidManifest.xml:30:13-37
82            android:initOrder="100" />
82-->[com.google.firebase:firebase-common:19.3.1] AndroidManifest.xml:31:13-36
83
84        <meta-data
84-->[com.google.android.gms:play-services-basement:17.0.0] AndroidManifest.xml:23:9-25:69
85            android:name="com.google.android.gms.version"
85-->[com.google.android.gms:play-services-basement:17.0.0] AndroidManifest.xml:24:13-58
86            android:value="@integer/google_play_services_version" />
86-->[com.google.android.gms:play-services-basement:17.0.0] AndroidManifest.xml:25:13-66
87    </application>
88
89</manifest>